<?xml version="1.0" encoding="UTF-8"?>
<testsuite xmlns:xsi="http://www.w3.org/2001/XMLSchema-instance" xsi:noNamespaceSchemaLocation="https://maven.apache.org/surefire/maven-surefire-plugin/xsd/surefire-test-report.xsd" name="Impl.SignUpDaoImplTest" time="3.471" tests="6" errors="0" skipped="0" failures="0">
  <properties>
[...]
</properties>
  <testcase name="selectById" classname="Impl.SignUpDaoImplTest" time="0.003"/>
  <testcase name="selectByQq" classname="Impl.SignUpDaoImplTest" time="0"/>
  <testcase name="delete" classname="Impl.SignUpDaoImplTest" time="0"/>
  <testcase name="update" classname="Impl.SignUpDaoImplTest" time="0"/>
  <testcase name="add" classname="Impl.SignUpDaoImplTest" time="0.864"/>
  <testcase name="selectByName" classname="Impl.SignUpDaoImplTest" time="0"/>
</testsuite>